<?xml version="1.0" encoding="UTF-8"?>
<testng-results ignored="0" total="1" passed="1" failed="0" skipped="0">
  <reporter-output>
  </reporter-output>
  <suite started-at="2021-07-12T00:45:37 IST" name="Default suite" finished-at="2021-07-12T00:46:14 IST" duration-ms="37362">
    <groups>
    </groups>
    <test started-at="2021-07-12T00:45:37 IST" name="Default test" finished-at="2021-07-12T00:46:14 IST" duration-ms="37362">
      <class name="com.jspenny.pagefactory.SearchProduct">
        <test-method is-config="true" signature="setup()[pri:0, instance:com.jspenny.pagefactory.SearchProduct@10163d6]" started-at="2021-07-12T00:45:37 IST" name="setup" finished-at="2021-07-12T00:45:53 IST" duration-ms="16354" status="PASS">
          <reporter-output>
          </reporter-output>
        </test-method> <!-- setup -->
        <test-method signature="search()[pri:0, instance:com.jspenny.pagefactory.SearchProduct@10163d6]" started-at="2021-07-12T00:45:53 IST" name="search" finished-at="2021-07-12T00:46:14 IST" duration-ms="20929" status="PASS">
          <reporter-output>
          </reporter-output>
        </test-method> <!-- search -->
        <test-method is-config="true" signature="tearDown()[pri:0, instance:com.jspenny.pagefactory.SearchProduct@10163d6]" started-at="2021-07-12T00:46:14 IST" name="tearDown" finished-at="2021-07-12T00:46:14 IST" duration-ms="0" status="PASS">
          <reporter-output>
          </reporter-output>
        </test-method> <!-- tearDown -->
      </class> <!-- com.jspenny.pagefactory.SearchProduct -->
    </test> <!-- Default test -->
  </suite> <!-- Default suite -->
</testng-results>
